# JRE version: OpenJDK Runtime Environment Temurin-21.0.8+9 (21.0.8+9) (build 21.0.8+9-LTS)
# Java VM: OpenJDK 64-Bit Server VM Temurin-21.0.8+9 (21.0.8+9-LTS, mixed mode, sharing, tiered, compressed oops, compressed class ptrs, parallel gc, windows-amd64)
GC Precious Log:
 CardTable entry size: 512
 CPUs: 8 total, 8 available
 Memory: 7934M
 Large Page Support: Disabled
 NUMA Support: Disabled
 Compressed Oops: Enabled (32-bit)
 Alignments: Space 512K, Generation 512K, Heap 2M
 Heap Min Capacity: 100M
 Heap Initial Capacity: 100M
 Heap Max Capacity: 2G
 Pre-touch: Disabled
 Parallel Workers: 8
Heap:
 PSYoungGen      total 5120K, used 742K [0x00000000d5580000, 0x00000000d5d00000, 0x0000000100000000)
  eden space 4608K, 10% used [0x00000000d5580000,0x00000000d55f9a10,0x00000000d5a00000)
  from space 512K, 50% used [0x00000000d5c00000,0x00000000d5c40000,0x00000000d5c80000)
  to   space 512K, 0% used [0x00000000d5c80000,0x00000000d5c80000,0x00000000d5d00000)
 ParOldGen       total 523264K, used 446248K [0x0000000080000000, 0x000000009ff00000, 0x00000000d5580000)
  object space 523264K, 85% used [0x0000000080000000,0x000000009b3ca380,0x000000009ff00000)
 Metaspace       used 89253K, committed 90944K, reserved 1179648K
  class space    used 9051K, committed 9792K, reserved 1048576K
GC Heap History (20 events):
Event: 4405.347 GC heap before
{Heap before GC invocations=1513 (full 5):
 PSYoungGen      total 4608K, used 4256K [0x00000000d5580000, 0x00000000d5b80000, 0x0000000100000000)
  eden space 3072K, 100% used [0x00000000d5580000,0x00000000d5880000,0x00000000d5880000)
  from space 1536K, 77% used [0x00000000d5880000,0x00000000d59a8000,0x00000000d5a00000)
  to   space 1536K, 0% used [0x00000000d5a00000,0x00000000d5a00000,0x00000000d5b80000)
 ParOldGen       total 523264K, used 440561K [0x0000000080000000, 0x000000009ff00000, 0x00000000d5580000)
  object space 523264K, 84% used [0x0000000080000000,0x000000009ae3c610,0x000000009ff00000)
 Metaspace       used 89126K, committed 90816K, reserved 1179648K
  class space    used 9048K, committed 9792K, reserved 1048576K
}
Event: 4405.360 GC heap after
{Heap after GC invocations=1513 (full 5):
 PSYoungGen      total 4096K, used 592K [0x00000000d5580000, 0x00000000d5b00000, 0x0000000100000000)
  eden space 3072K, 0% used [0x00000000d5580000,0x00000000d5580000,0x00000000d5880000)
  from space 1024K, 57% used [0x00000000d5a00000,0x00000000d5a94010,0x00000000d5b00000)
  to   space 1024K, 0% used [0x00000000d5900000,0x00000000d5900000,0x00000000d5a00000)
 ParOldGen       total 523264K, used 441603K [0x0000000080000000, 0x000000009ff00000, 0x00000000d5580000)
  object space 523264K, 84% used [0x0000000080000000,0x000000009af40cb0,0x000000009ff00000)
 Metaspace       used 89126K, committed 90816K, reserved 1179648K
  class space    used 9048K, committed 9792K, reserved 1048576K
}
Event: 4406.077 GC heap before
{Heap before GC invocations=1514 (full 5):
 PSYoungGen      total 4096K, used 3664K [0x00000000d5580000, 0x00000000d5b00000, 0x0000000100000000)
  eden space 3072K, 100% used [0x00000000d5580000,0x00000000d5880000,0x00000000d5880000)
  from space 1024K, 57% used [0x00000000d5a00000,0x00000000d5a94010,0x00000000d5b00000)
  to   space 1024K, 0% used [0x00000000d5900000,0x00000000d5900000,0x00000000d5a00000)
 ParOldGen       total 523264K, used 441603K [0x0000000080000000, 0x000000009ff00000, 0x00000000d5580000)
  object space 523264K, 84% used [0x0000000080000000,0x000000009af40cb0,0x000000009ff00000)
 Metaspace       used 89132K, committed 90816K, reserved 1179648K
  class space    used 9049K, committed 9792K, reserved 1048576K
}
Event: 4406.081 GC heap after
{Heap after GC invocations=1514 (full 5):
 PSYoungGen      total 4096K, used 288K [0x00000000d5580000, 0x00000000d5a80000, 0x0000000100000000)
  eden space 3072K, 0% used [0x00000000d5580000,0x00000000d5580000,0x00000000d5880000)
  from space 1024K, 28% used [0x00000000d5900000,0x00000000d5948000,0x00000000d5a00000)
  to   space 512K, 0% used [0x00000000d5a00000,0x00000000d5a00000,0x00000000d5a80000)
 ParOldGen       total 523264K, used 441715K [0x0000000080000000, 0x000000009ff00000, 0x00000000d5580000)
  object space 523264K, 84% used [0x0000000080000000,0x000000009af5ccb0,0x000000009ff00000)
 Metaspace       used 89132K, committed 90816K, reserved 1179648K
  class space    used 9049K, committed 9792K, reserved 1048576K
}
Event: 4460.781 GC heap before
{Heap before GC invocations=1515 (full 5):
 PSYoungGen      total 4096K, used 3229K [0x00000000d5580000, 0x00000000d5a80000, 0x0000000100000000)
  eden space 3072K, 95% used [0x00000000d5580000,0x00000000d585f428,0x00000000d5880000)
  from space 1024K, 28% used [0x00000000d5900000,0x00000000d5948000,0x00000000d5a00000)
  to   space 512K, 0% used [0x00000000d5a00000,0x00000000d5a00000,0x00000000d5a80000)
 ParOldGen       total 523264K, used 441715K [0x0000000080000000, 0x000000009ff00000, 0x00000000d5580000)
  object space 523264K, 84% used [0x0000000080000000,0x000000009af5ccb0,0x000000009ff00000)
 Metaspace       used 89133K, committed 90816K, reserved 1179648K
  class space    used 9049K, committed 9792K, reserved 1048576K
}
Event: 4460.822 GC heap after
{Heap after GC invocations=1515 (full 5):
 PSYoungGen      total 3584K, used 512K [0x00000000d5580000, 0x00000000d5a80000, 0x0000000100000000)
  eden space 3072K, 0% used [0x00000000d5580000,0x00000000d5580000,0x00000000d5880000)
  from space 512K, 100% used [0x00000000d5a00000,0x00000000d5a80000,0x00000000d5a80000)
  to   space 1024K, 0% used [0x00000000d5880000,0x00000000d5880000,0x00000000d5980000)
 ParOldGen       total 523264K, used 441947K [0x0000000080000000, 0x000000009ff00000, 0x00000000d5580000)
  object space 523264K, 84% used [0x0000000080000000,0x000000009af96cb0,0x000000009ff00000)
 Metaspace       used 89133K, committed 90816K, reserved 1179648K
  class space    used 9049K, committed 9792K, reserved 1048576K
}
Event: 4460.827 GC heap before
{Heap before GC invocations=1516 (full 5):
 PSYoungGen      total 3584K, used 3583K [0x00000000d5580000, 0x00000000d5a80000, 0x0000000100000000)
  eden space 3072K, 99% used [0x00000000d5580000,0x00000000d587fff8,0x00000000d5880000)
  from space 512K, 100% used [0x00000000d5a00000,0x00000000d5a80000,0x00000000d5a80000)
  to   space 1024K, 0% used [0x00000000d5880000,0x00000000d5880000,0x00000000d5980000)
 ParOldGen       total 523264K, used 441947K [0x0000000080000000, 0x000000009ff00000, 0x00000000d5580000)
  object space 523264K, 84% used [0x0000000080000000,0x000000009af96cb0,0x000000009ff00000)
 Metaspace       used 89133K, committed 90816K, reserved 1179648K
  class space    used 9049K, committed 9792K, reserved 1048576K
}
Event: 4460.841 GC heap after
{Heap after GC invocations=1516 (full 5):
 PSYoungGen      total 4096K, used 992K [0x00000000d5580000, 0x00000000d6080000, 0x0000000100000000)
  eden space 3072K, 0% used [0x00000000d5580000,0x00000000d5580000,0x00000000d5880000)
  from space 1024K, 96% used [0x00000000d5880000,0x00000000d5978380,0x00000000d5980000)
  to   space 3584K, 0% used [0x00000000d5d00000,0x00000000d5d00000,0x00000000d6080000)
 ParOldGen       total 523264K, used 443991K [0x0000000080000000, 0x000000009ff00000, 0x00000000d5580000)
  object space 523264K, 84% used [0x0000000080000000,0x000000009b195ff0,0x000000009ff00000)
 Metaspace       used 89133K, committed 90816K, reserved 1179648K
  class space    used 9049K, committed 9792K, reserved 1048576K
}
Event: 4460.860 GC heap before
{Heap before GC invocations=1517 (full 5):
 PSYoungGen      total 4096K, used 4064K [0x00000000d5580000, 0x00000000d6080000, 0x0000000100000000)
  eden space 3072K, 99% used [0x00000000d5580000,0x00000000d587ffc0,0x00000000d5880000)
  from space 1024K, 96% used [0x00000000d5880000,0x00000000d5978380,0x00000000d5980000)
  to   space 3584K, 0% used [0x00000000d5d00000,0x00000000d5d00000,0x00000000d6080000)
 ParOldGen       total 523264K, used 443991K [0x0000000080000000, 0x000000009ff00000, 0x00000000d5580000)
  object space 523264K, 84% used [0x0000000080000000,0x000000009b195ff0,0x000000009ff00000)
 Metaspace       used 89133K, committed 90816K, reserved 1179648K
  class space    used 9049K, committed 9792K, reserved 1048576K
}
Event: 4460.870 GC heap after
{Heap after GC invocations=1517 (full 5):
 PSYoungGen      total 6144K, used 1761K [0x00000000d5580000, 0x00000000d5f00000, 0x0000000100000000)
  eden space 4096K, 0% used [0x00000000d5580000,0x00000000d5580000,0x00000000d5980000)
  from space 2048K, 86% used [0x00000000d5d00000,0x00000000d5eb8700,0x00000000d5f00000)
  to   space 2560K, 0% used [0x00000000d5a00000,0x00000000d5a00000,0x00000000d5c80000)
 ParOldGen       total 523264K, used 445048K [0x0000000080000000, 0x000000009ff00000, 0x00000000d5580000)
  object space 523264K, 85% used [0x0000000080000000,0x000000009b29e370,0x000000009ff00000)
 Metaspace       used 89133K, committed 90816K, reserved 1179648K
  class space    used 9049K, committed 9792K, reserved 1048576K
}
Event: 4462.701 GC heap before
{Heap before GC invocations=1518 (full 5):
 PSYoungGen      total 6144K, used 5857K [0x00000000d5580000, 0x00000000d5f00000, 0x0000000100000000)
  eden space 4096K, 100% used [0x00000000d5580000,0x00000000d5980000,0x00000000d5980000)
  from space 2048K, 86% used [0x00000000d5d00000,0x00000000d5eb8700,0x00000000d5f00000)
  to   space 2560K, 0% used [0x00000000d5a00000,0x00000000d5a00000,0x00000000d5c80000)
 ParOldGen       total 523264K, used 445048K [0x0000000080000000, 0x000000009ff00000, 0x00000000d5580000)
  object space 523264K, 85% used [0x0000000080000000,0x000000009b29e370,0x000000009ff00000)
 Metaspace       used 89137K, committed 90816K, reserved 1179648K
  class space    used 9050K, committed 9792K, reserved 1048576K
}
Event: 4462.709 GC heap after
{Heap after GC invocations=1518 (full 5):
 PSYoungGen      total 7168K, used 160K [0x00000000d5580000, 0x00000000d5d80000, 0x0000000100000000)
  eden space 4608K, 0% used [0x00000000d5580000,0x00000000d5580000,0x00000000d5a00000)
  from space 2560K, 6% used [0x00000000d5a00000,0x00000000d5a28000,0x00000000d5c80000)
  to   space 1024K, 0% used [0x00000000d5c80000,0x00000000d5c80000,0x00000000d5d80000)
 ParOldGen       total 523264K, used 446112K [0x0000000080000000, 0x000000009ff00000, 0x00000000d5580000)
  object space 523264K, 85% used [0x0000000080000000,0x000000009b3a8370,0x000000009ff00000)
 Metaspace       used 89137K, committed 90816K, reserved 1179648K
  class space    used 9050K, committed 9792K, reserved 1048576K
}
Event: 4564.334 GC heap before
{Heap before GC invocations=1519 (full 5):
 PSYoungGen      total 7168K, used 4768K [0x00000000d5580000, 0x00000000d5d80000, 0x0000000100000000)
  eden space 4608K, 100% used [0x00000000d5580000,0x00000000d5a00000,0x00000000d5a00000)
  from space 2560K, 6% used [0x00000000d5a00000,0x00000000d5a28000,0x00000000d5c80000)
  to   space 1024K, 0% used [0x00000000d5c80000,0x00000000d5c80000,0x00000000d5d80000)
 ParOldGen       total 523264K, used 446112K [0x0000000080000000, 0x000000009ff00000, 0x00000000d5580000)
  object space 523264K, 85% used [0x0000000080000000,0x000000009b3a8370,0x000000009ff00000)
 Metaspace       used 89137K, committed 90816K, reserved 1179648K
  class space    used 9050K, committed 9792K, reserved 1048576K
}
Event: 4564.824 GC heap after
{Heap after GC invocations=1519 (full 5):
 PSYoungGen      total 5120K, used 256K [0x00000000d5580000, 0x00000000d5d00000, 0x0000000100000000)
  eden space 4608K, 0% used [0x00000000d5580000,0x00000000d5580000,0x00000000d5a00000)
  from space 512K, 50% used [0x00000000d5c80000,0x00000000d5cc0000,0x00000000d5d00000)
  to   space 512K, 0% used [0x00000000d5c00000,0x00000000d5c00000,0x00000000d5c80000)
 ParOldGen       total 523264K, used 446136K [0x0000000080000000, 0x000000009ff00000, 0x00000000d5580000)
  object space 523264K, 85% used [0x0000000080000000,0x000000009b3ae370,0x000000009ff00000)
 Metaspace       used 89137K, committed 90816K, reserved 1179648K
  class space    used 9050K, committed 9792K, reserved 1048576K
}
Event: 4626.795 GC heap before
{Heap before GC invocations=1520 (full 5):
 PSYoungGen      total 5120K, used 4863K [0x00000000d5580000, 0x00000000d5d00000, 0x0000000100000000)
  eden space 4608K, 99% used [0x00000000d5580000,0x00000000d59fffe8,0x00000000d5a00000)
  from space 512K, 50% used [0x00000000d5c80000,0x00000000d5cc0000,0x00000000d5d00000)
  to   space 512K, 0% used [0x00000000d5c00000,0x00000000d5c00000,0x00000000d5c80000)
 ParOldGen       total 523264K, used 446136K [0x0000000080000000, 0x000000009ff00000, 0x00000000d5580000)
  object space 523264K, 85% used [0x0000000080000000,0x000000009b3ae370,0x000000009ff00000)
 Metaspace       used 89161K, committed 90816K, reserved 1179648K
  class space    used 9050K, committed 9792K, reserved 1048576K
}
Event: 4626.872 GC heap after
{Heap after GC invocations=1520 (full 5):
 PSYoungGen      total 5120K, used 256K [0x00000000d5580000, 0x00000000d5d00000, 0x0000000100000000)
  eden space 4608K, 0% used [0x00000000d5580000,0x00000000d5580000,0x00000000d5a00000)
  from space 512K, 50% used [0x00000000d5c00000,0x00000000d5c40000,0x00000000d5c80000)
  to   space 512K, 0% used [0x00000000d5c80000,0x00000000d5c80000,0x00000000d5d00000)
 ParOldGen       total 523264K, used 446168K [0x0000000080000000, 0x000000009ff00000, 0x00000000d5580000)
  object space 523264K, 85% used [0x0000000080000000,0x000000009b3b6380,0x000000009ff00000)
 Metaspace       used 89161K, committed 90816K, reserved 1179648K
  class space    used 9050K, committed 9792K, reserved 1048576K
}
Event: 5312.306 GC heap before
{Heap before GC invocations=1521 (full 5):
 PSYoungGen      total 5120K, used 4864K [0x00000000d5580000, 0x00000000d5d00000, 0x0000000100000000)
  eden space 4608K, 100% used [0x00000000d5580000,0x00000000d5a00000,0x00000000d5a00000)
  from space 512K, 50% used [0x00000000d5c00000,0x00000000d5c40000,0x00000000d5c80000)
  to   space 512K, 0% used [0x00000000d5c80000,0x00000000d5c80000,0x00000000d5d00000)
 ParOldGen       total 523264K, used 446168K [0x0000000080000000, 0x000000009ff00000, 0x00000000d5580000)
  object space 523264K, 85% used [0x0000000080000000,0x000000009b3b6380,0x000000009ff00000)
 Metaspace       used 89185K, committed 90880K, reserved 1179648K
  class space    used 9051K, committed 9792K, reserved 1048576K
}
Event: 5312.393 GC heap after
{Heap after GC invocations=1521 (full 5):
 PSYoungGen      total 5120K, used 288K [0x00000000d5580000, 0x00000000d5d00000, 0x0000000100000000)
  eden space 4608K, 0% used [0x00000000d5580000,0x00000000d5580000,0x00000000d5a00000)
  from space 512K, 56% used [0x00000000d5c80000,0x00000000d5cc8000,0x00000000d5d00000)
  to   space 512K, 0% used [0x00000000d5c00000,0x00000000d5c00000,0x00000000d5c80000)
 ParOldGen       total 523264K, used 446216K [0x0000000080000000, 0x000000009ff00000, 0x00000000d5580000)
  object space 523264K, 85% used [0x0000000080000000,0x000000009b3c2380,0x000000009ff00000)
 Metaspace       used 89185K, committed 90880K, reserved 1179648K
  class space    used 9051K, committed 9792K, reserved 1048576K
}
Event: 5358.456 GC heap before
{Heap before GC invocations=1522 (full 5):
 PSYoungGen      total 5120K, used 4896K [0x00000000d5580000, 0x00000000d5d00000, 0x0000000100000000)
  eden space 4608K, 100% used [0x00000000d5580000,0x00000000d5a00000,0x00000000d5a00000)
  from space 512K, 56% used [0x00000000d5c80000,0x00000000d5cc8000,0x00000000d5d00000)
  to   space 512K, 0% used [0x00000000d5c00000,0x00000000d5c00000,0x00000000d5c80000)
 ParOldGen       total 523264K, used 446216K [0x0000000080000000, 0x000000009ff00000, 0x00000000d5580000)
  object space 523264K, 85% used [0x0000000080000000,0x000000009b3c2380,0x000000009ff00000)
 Metaspace       used 89241K, committed 90944K, reserved 1179648K
  class space    used 9051K, committed 9792K, reserved 1048576K
}
Event: 5358.464 GC heap after
{Heap after GC invocations=1522 (full 5):
 PSYoungGen      total 5120K, used 256K [0x00000000d5580000, 0x00000000d5d00000, 0x0000000100000000)
  eden space 4608K, 0% used [0x00000000d5580000,0x00000000d5580000,0x00000000d5a00000)
  from space 512K, 50% used [0x00000000d5c00000,0x00000000d5c40000,0x00000000d5c80000)
  to   space 512K, 0% used [0x00000000d5c80000,0x00000000d5c80000,0x00000000d5d00000)
 ParOldGen       total 523264K, used 446248K [0x0000000080000000, 0x000000009ff00000, 0x00000000d5580000)
  object space 523264K, 85% used [0x0000000080000000,0x000000009b3ca380,0x000000009ff00000)
 Metaspace       used 89241K, committed 90944K, reserved 1179648K
  class space    used 9051K, committed 9792K, reserved 1048576K
}

