# JRE version: OpenJDK Runtime Environment Temurin-21.0.8+9 (21.0.8+9) (build 21.0.8+9-LTS)
# Java VM: OpenJDK 64-Bit Server VM Temurin-21.0.8+9 (21.0.8+9-LTS, mixed mode, sharing, tiered, compressed oops, compressed class ptrs, parallel gc, windows-amd64)
GC Precious Log:
 CardTable entry size: 512
 CPUs: 8 total, 8 available
 Memory: 7934M
 Large Page Support: Disabled
 NUMA Support: Disabled
 Compressed Oops: Enabled (32-bit)
 Alignments: Space 512K, Generation 512K, Heap 2M
 Heap Min Capacity: 100M
 Heap Initial Capacity: 100M
 Heap Max Capacity: 2G
 Pre-touch: Disabled
 Parallel Workers: 8
Heap:
 PSYoungGen      total 2560K, used 411K [0x00000000d5580000, 0x00000000d5b00000, 0x0000000100000000)
  eden space 2048K, 9% used [0x00000000d5580000,0x00000000d55aec60,0x00000000d5780000)
  from space 512K, 43% used [0x00000000d5a80000,0x00000000d5ab8000,0x00000000d5b00000)
  to   space 512K, 0% used [0x00000000d5a00000,0x00000000d5a00000,0x00000000d5a80000)
 ParOldGen       total 684544K, used 638692K [0x0000000080000000, 0x00000000a9c80000, 0x00000000d5580000)
  object space 684544K, 93% used [0x0000000080000000,0x00000000a6fb91b0,0x00000000a9c80000)
 Metaspace       used 90716K, committed 92416K, reserved 1179648K
  class space    used 9128K, committed 9920K, reserved 1048576K
GC Heap History (20 events):
Event: 111572.308 GC heap before
{Heap before GC invocations=2550 (full 5):
 PSYoungGen      total 9216K, used 8824K [0x00000000d5580000, 0x00000000d6300000, 0x0000000100000000)
  eden space 5120K, 100% used [0x00000000d5580000,0x00000000d5a80000,0x00000000d5a80000)
  from space 4096K, 90% used [0x00000000d5f00000,0x00000000d629e3f8,0x00000000d6300000)
  to   space 4096K, 0% used [0x00000000d5b00000,0x00000000d5b00000,0x00000000d5f00000)
 ParOldGen       total 684544K, used 631703K [0x0000000080000000, 0x00000000a9c80000, 0x00000000d5580000)
  object space 684544K, 92% used [0x0000000080000000,0x00000000a68e5c30,0x00000000a9c80000)
 Metaspace       used 90677K, committed 92416K, reserved 1179648K
  class space    used 9128K, committed 9920K, reserved 1048576K
}
Event: 111572.314 GC heap after
{Heap after GC invocations=2550 (full 5):
 PSYoungGen      total 6656K, used 1511K [0x00000000d5580000, 0x00000000d5f80000, 0x0000000100000000)
  eden space 5120K, 0% used [0x00000000d5580000,0x00000000d5580000,0x00000000d5a80000)
  from space 1536K, 98% used [0x00000000d5b00000,0x00000000d5c79e80,0x00000000d5c80000)
  to   space 2560K, 0% used [0x00000000d5d00000,0x00000000d5d00000,0x00000000d5f80000)
 ParOldGen       total 684544K, used 632522K [0x0000000080000000, 0x00000000a9c80000, 0x00000000d5580000)
  object space 684544K, 92% used [0x0000000080000000,0x00000000a69b2918,0x00000000a9c80000)
 Metaspace       used 90677K, committed 92416K, reserved 1179648K
  class space    used 9128K, committed 9920K, reserved 1048576K
}
Event: 111572.375 GC heap before
{Heap before GC invocations=2551 (full 5):
 PSYoungGen      total 6656K, used 6631K [0x00000000d5580000, 0x00000000d5f80000, 0x0000000100000000)
  eden space 5120K, 100% used [0x00000000d5580000,0x00000000d5a80000,0x00000000d5a80000)
  from space 1536K, 98% used [0x00000000d5b00000,0x00000000d5c79e80,0x00000000d5c80000)
  to   space 2560K, 0% used [0x00000000d5d00000,0x00000000d5d00000,0x00000000d5f80000)
 ParOldGen       total 684544K, used 632522K [0x0000000080000000, 0x00000000a9c80000, 0x00000000d5580000)
  object space 684544K, 92% used [0x0000000080000000,0x00000000a69b2918,0x00000000a9c80000)
 Metaspace       used 90681K, committed 92416K, reserved 1179648K
  class space    used 9128K, committed 9920K, reserved 1048576K
}
Event: 111572.391 GC heap after
{Heap after GC invocations=2551 (full 5):
 PSYoungGen      total 4608K, used 2560K [0x00000000d5580000, 0x00000000d6580000, 0x0000000100000000)
  eden space 2048K, 0% used [0x00000000d5580000,0x00000000d5580000,0x00000000d5780000)
  from space 2560K, 100% used [0x00000000d5d00000,0x00000000d5f80000,0x00000000d5f80000)
  to   space 5632K, 0% used [0x00000000d5780000,0x00000000d5780000,0x00000000d5d00000)
 ParOldGen       total 684544K, used 634697K [0x0000000080000000, 0x00000000a9c80000, 0x00000000d5580000)
  object space 684544K, 92% used [0x0000000080000000,0x00000000a6bd27b8,0x00000000a9c80000)
 Metaspace       used 90681K, committed 92416K, reserved 1179648K
  class space    used 9128K, committed 9920K, reserved 1048576K
}
Event: 111572.892 GC heap before
{Heap before GC invocations=2552 (full 5):
 PSYoungGen      total 4608K, used 4607K [0x00000000d5580000, 0x00000000d6580000, 0x0000000100000000)
  eden space 2048K, 99% used [0x00000000d5580000,0x00000000d577ffd0,0x00000000d5780000)
  from space 2560K, 100% used [0x00000000d5d00000,0x00000000d5f80000,0x00000000d5f80000)
  to   space 5632K, 0% used [0x00000000d5780000,0x00000000d5780000,0x00000000d5d00000)
 ParOldGen       total 684544K, used 634697K [0x0000000080000000, 0x00000000a9c80000, 0x00000000d5580000)
  object space 684544K, 92% used [0x0000000080000000,0x00000000a6bd27b8,0x00000000a9c80000)
 Metaspace       used 90682K, committed 92416K, reserved 1179648K
  class space    used 9128K, committed 9920K, reserved 1048576K
}
Event: 111572.909 GC heap after
{Heap after GC invocations=2552 (full 5):
 PSYoungGen      total 3072K, used 592K [0x00000000d5580000, 0x00000000d5d80000, 0x0000000100000000)
  eden space 2048K, 0% used [0x00000000d5580000,0x00000000d5580000,0x00000000d5780000)
  from space 1024K, 57% used [0x00000000d5780000,0x00000000d5814010,0x00000000d5880000)
  to   space 2560K, 0% used [0x00000000d5b00000,0x00000000d5b00000,0x00000000d5d80000)
 ParOldGen       total 684544K, used 637280K [0x0000000080000000, 0x00000000a9c80000, 0x00000000d5580000)
  object space 684544K, 93% used [0x0000000080000000,0x00000000a6e581e8,0x00000000a9c80000)
 Metaspace       used 90682K, committed 92416K, reserved 1179648K
  class space    used 9128K, committed 9920K, reserved 1048576K
}
Event: 111572.928 GC heap before
{Heap before GC invocations=2553 (full 5):
 PSYoungGen      total 3072K, used 2640K [0x00000000d5580000, 0x00000000d5d80000, 0x0000000100000000)
  eden space 2048K, 100% used [0x00000000d5580000,0x00000000d5780000,0x00000000d5780000)
  from space 1024K, 57% used [0x00000000d5780000,0x00000000d5814010,0x00000000d5880000)
  to   space 2560K, 0% used [0x00000000d5b00000,0x00000000d5b00000,0x00000000d5d80000)
 ParOldGen       total 684544K, used 637280K [0x0000000080000000, 0x00000000a9c80000, 0x00000000d5580000)
  object space 684544K, 93% used [0x0000000080000000,0x00000000a6e581e8,0x00000000a9c80000)
 Metaspace       used 90682K, committed 92416K, reserved 1179648K
  class space    used 9128K, committed 9920K, reserved 1048576K
}
Event: 111572.931 GC heap after
{Heap after GC invocations=2553 (full 5):
 PSYoungGen      total 2560K, used 224K [0x00000000d5580000, 0x00000000d5b80000, 0x0000000100000000)
  eden space 2048K, 0% used [0x00000000d5580000,0x00000000d5580000,0x00000000d5780000)
  from space 512K, 43% used [0x00000000d5b00000,0x00000000d5b38000,0x00000000d5b80000)
  to   space 1024K, 0% used [0x00000000d5980000,0x00000000d5980000,0x00000000d5a80000)
 ParOldGen       total 684544K, used 637344K [0x0000000080000000, 0x00000000a9c80000, 0x00000000d5580000)
  object space 684544K, 93% used [0x0000000080000000,0x00000000a6e681e8,0x00000000a9c80000)
 Metaspace       used 90682K, committed 92416K, reserved 1179648K
  class space    used 9128K, committed 9920K, reserved 1048576K
}
Event: 111572.955 GC heap before
{Heap before GC invocations=2554 (full 5):
 PSYoungGen      total 2560K, used 2272K [0x00000000d5580000, 0x00000000d5b80000, 0x0000000100000000)
  eden space 2048K, 100% used [0x00000000d5580000,0x00000000d5780000,0x00000000d5780000)
  from space 512K, 43% used [0x00000000d5b00000,0x00000000d5b38000,0x00000000d5b80000)
  to   space 1024K, 0% used [0x00000000d5980000,0x00000000d5980000,0x00000000d5a80000)
 ParOldGen       total 684544K, used 637344K [0x0000000080000000, 0x00000000a9c80000, 0x00000000d5580000)
  object space 684544K, 93% used [0x0000000080000000,0x00000000a6e681e8,0x00000000a9c80000)
 Metaspace       used 90682K, committed 92416K, reserved 1179648K
  class space    used 9128K, committed 9920K, reserved 1048576K
}
Event: 111572.959 GC heap after
{Heap after GC invocations=2554 (full 5):
 PSYoungGen      total 3072K, used 816K [0x00000000d5580000, 0x00000000d5b80000, 0x0000000100000000)
  eden space 2048K, 0% used [0x00000000d5580000,0x00000000d5580000,0x00000000d5780000)
  from space 1024K, 79% used [0x00000000d5980000,0x00000000d5a4c010,0x00000000d5a80000)
  to   space 1024K, 0% used [0x00000000d5a80000,0x00000000d5a80000,0x00000000d5b80000)
 ParOldGen       total 684544K, used 637415K [0x0000000080000000, 0x00000000a9c80000, 0x00000000d5580000)
  object space 684544K, 93% used [0x0000000080000000,0x00000000a6e79c28,0x00000000a9c80000)
 Metaspace       used 90682K, committed 92416K, reserved 1179648K
  class space    used 9128K, committed 9920K, reserved 1048576K
}
Event: 111573.263 GC heap before
{Heap before GC invocations=2555 (full 5):
 PSYoungGen      total 3072K, used 2864K [0x00000000d5580000, 0x00000000d5b80000, 0x0000000100000000)
  eden space 2048K, 100% used [0x00000000d5580000,0x00000000d5780000,0x00000000d5780000)
  from space 1024K, 79% used [0x00000000d5980000,0x00000000d5a4c010,0x00000000d5a80000)
  to   space 1024K, 0% used [0x00000000d5a80000,0x00000000d5a80000,0x00000000d5b80000)
 ParOldGen       total 684544K, used 637415K [0x0000000080000000, 0x00000000a9c80000, 0x00000000d5580000)
  object space 684544K, 93% used [0x0000000080000000,0x00000000a6e79c28,0x00000000a9c80000)
 Metaspace       used 90682K, committed 92416K, reserved 1179648K
  class space    used 9128K, committed 9920K, reserved 1048576K
}
Event: 111573.266 GC heap after
{Heap after GC invocations=2555 (full 5):
 PSYoungGen      total 2560K, used 288K [0x00000000d5580000, 0x00000000d5b00000, 0x0000000100000000)
  eden space 2048K, 0% used [0x00000000d5580000,0x00000000d5580000,0x00000000d5780000)
  from space 512K, 56% used [0x00000000d5a80000,0x00000000d5ac8000,0x00000000d5b00000)
  to   space 512K, 0% used [0x00000000d5a00000,0x00000000d5a00000,0x00000000d5a80000)
 ParOldGen       total 684544K, used 637477K [0x0000000080000000, 0x00000000a9c80000, 0x00000000d5580000)
  object space 684544K, 93% used [0x0000000080000000,0x00000000a6e89658,0x00000000a9c80000)
 Metaspace       used 90682K, committed 92416K, reserved 1179648K
  class space    used 9128K, committed 9920K, reserved 1048576K
}
Event: 111573.280 GC heap before
{Heap before GC invocations=2556 (full 5):
 PSYoungGen      total 2560K, used 2336K [0x00000000d5580000, 0x00000000d5b00000, 0x0000000100000000)
  eden space 2048K, 100% used [0x00000000d5580000,0x00000000d5780000,0x00000000d5780000)
  from space 512K, 56% used [0x00000000d5a80000,0x00000000d5ac8000,0x00000000d5b00000)
  to   space 512K, 0% used [0x00000000d5a00000,0x00000000d5a00000,0x00000000d5a80000)
 ParOldGen       total 684544K, used 637477K [0x0000000080000000, 0x00000000a9c80000, 0x00000000d5580000)
  object space 684544K, 93% used [0x0000000080000000,0x00000000a6e89658,0x00000000a9c80000)
 Metaspace       used 90682K, committed 92416K, reserved 1179648K
  class space    used 9128K, committed 9920K, reserved 1048576K
}
Event: 111573.285 GC heap after
{Heap after GC invocations=2556 (full 5):
 PSYoungGen      total 2560K, used 512K [0x00000000d5580000, 0x00000000d5b00000, 0x0000000100000000)
  eden space 2048K, 0% used [0x00000000d5580000,0x00000000d5580000,0x00000000d5780000)
  from space 512K, 100% used [0x00000000d5a00000,0x00000000d5a80000,0x00000000d5a80000)
  to   space 512K, 0% used [0x00000000d5a80000,0x00000000d5a80000,0x00000000d5b00000)
 ParOldGen       total 684544K, used 637796K [0x0000000080000000, 0x00000000a9c80000, 0x00000000d5580000)
  object space 684544K, 93% used [0x0000000080000000,0x00000000a6ed90c8,0x00000000a9c80000)
 Metaspace       used 90682K, committed 92416K, reserved 1179648K
  class space    used 9128K, committed 9920K, reserved 1048576K
}
Event: 112125.931 GC heap before
{Heap before GC invocations=2557 (full 5):
 PSYoungGen      total 2560K, used 2559K [0x00000000d5580000, 0x00000000d5b00000, 0x0000000100000000)
  eden space 2048K, 99% used [0x00000000d5580000,0x00000000d577fff0,0x00000000d5780000)
  from space 512K, 100% used [0x00000000d5a00000,0x00000000d5a80000,0x00000000d5a80000)
  to   space 512K, 0% used [0x00000000d5a80000,0x00000000d5a80000,0x00000000d5b00000)
 ParOldGen       total 684544K, used 637796K [0x0000000080000000, 0x00000000a9c80000, 0x00000000d5580000)
  object space 684544K, 93% used [0x0000000080000000,0x00000000a6ed90c8,0x00000000a9c80000)
 Metaspace       used 90683K, committed 92416K, reserved 1179648K
  class space    used 9128K, committed 9920K, reserved 1048576K
}
Event: 112126.287 GC heap after
{Heap after GC invocations=2557 (full 5):
 PSYoungGen      total 2560K, used 416K [0x00000000d5580000, 0x00000000d5b00000, 0x0000000100000000)
  eden space 2048K, 0% used [0x00000000d5580000,0x00000000d5580000,0x00000000d5780000)
  from space 512K, 81% used [0x00000000d5a80000,0x00000000d5ae8000,0x00000000d5b00000)
  to   space 1024K, 0% used [0x00000000d5900000,0x00000000d5900000,0x00000000d5a00000)
 ParOldGen       total 684544K, used 638331K [0x0000000080000000, 0x00000000a9c80000, 0x00000000d5580000)
  object space 684544K, 93% used [0x0000000080000000,0x00000000a6f5ef20,0x00000000a9c80000)
 Metaspace       used 90683K, committed 92416K, reserved 1179648K
  class space    used 9128K, committed 9920K, reserved 1048576K
}
Event: 112427.678 GC heap before
{Heap before GC invocations=2558 (full 5):
 PSYoungGen      total 2560K, used 2464K [0x00000000d5580000, 0x00000000d5b00000, 0x0000000100000000)
  eden space 2048K, 100% used [0x00000000d5580000,0x00000000d5780000,0x00000000d5780000)
  from space 512K, 81% used [0x00000000d5a80000,0x00000000d5ae8000,0x00000000d5b00000)
  to   space 1024K, 0% used [0x00000000d5900000,0x00000000d5900000,0x00000000d5a00000)
 ParOldGen       total 684544K, used 638331K [0x0000000080000000, 0x00000000a9c80000, 0x00000000d5580000)
  object space 684544K, 93% used [0x0000000080000000,0x00000000a6f5ef20,0x00000000a9c80000)
 Metaspace       used 90688K, committed 92416K, reserved 1179648K
  class space    used 9128K, committed 9920K, reserved 1048576K
}
Event: 112427.983 GC heap after
{Heap after GC invocations=2558 (full 5):
 PSYoungGen      total 3072K, used 224K [0x00000000d5580000, 0x00000000d5b00000, 0x0000000100000000)
  eden space 2048K, 0% used [0x00000000d5580000,0x00000000d5580000,0x00000000d5780000)
  from space 1024K, 21% used [0x00000000d5900000,0x00000000d5938000,0x00000000d5a00000)
  to   space 512K, 0% used [0x00000000d5a80000,0x00000000d5a80000,0x00000000d5b00000)
 ParOldGen       total 684544K, used 638660K [0x0000000080000000, 0x00000000a9c80000, 0x00000000d5580000)
  object space 684544K, 93% used [0x0000000080000000,0x00000000a6fb11b0,0x00000000a9c80000)
 Metaspace       used 90688K, committed 92416K, reserved 1179648K
  class space    used 9128K, committed 9920K, reserved 1048576K
}
Event: 113030.548 GC heap before
{Heap before GC invocations=2559 (full 5):
 PSYoungGen      total 3072K, used 2272K [0x00000000d5580000, 0x00000000d5b00000, 0x0000000100000000)
  eden space 2048K, 100% used [0x00000000d5580000,0x00000000d5780000,0x00000000d5780000)
  from space 1024K, 21% used [0x00000000d5900000,0x00000000d5938000,0x00000000d5a00000)
  to   space 512K, 0% used [0x00000000d5a80000,0x00000000d5a80000,0x00000000d5b00000)
 ParOldGen       total 684544K, used 638660K [0x0000000080000000, 0x00000000a9c80000, 0x00000000d5580000)
  object space 684544K, 93% used [0x0000000080000000,0x00000000a6fb11b0,0x00000000a9c80000)
 Metaspace       used 90715K, committed 92416K, reserved 1179648K
  class space    used 9128K, committed 9920K, reserved 1048576K
}
Event: 113030.899 GC heap after
{Heap after GC invocations=2559 (full 5):
 PSYoungGen      total 2560K, used 224K [0x00000000d5580000, 0x00000000d5b00000, 0x0000000100000000)
  eden space 2048K, 0% used [0x00000000d5580000,0x00000000d5580000,0x00000000d5780000)
  from space 512K, 43% used [0x00000000d5a80000,0x00000000d5ab8000,0x00000000d5b00000)
  to   space 512K, 0% used [0x00000000d5a00000,0x00000000d5a00000,0x00000000d5a80000)
 ParOldGen       total 684544K, used 638692K [0x0000000080000000, 0x00000000a9c80000, 0x00000000d5580000)
  object space 684544K, 93% used [0x0000000080000000,0x00000000a6fb91b0,0x00000000a9c80000)
 Metaspace       used 90715K, committed 92416K, reserved 1179648K
  class space    used 9128K, committed 9920K, reserved 1048576K
}

